<?xml version="1.0" encoding="UTF-8"?>
<!-- Generated by org.testng.reporters.JUnitXMLReporter -->
<testsuite ignored="0" hostname="LAPTOP-EP069KG9" failures="0" tests="4" name="Test" time="28.835" errors="0" timestamp="2025-06-10T11:02:25 IST">
  <testcase classname="omayo.testcases.HomePageTestCase" name="verifyHomePage" time="0.144"/>
  <testcase classname="omayo.testcases.SingleSelectDropDownVerification" name="SingleSelctDropDown" time="0.965"/>
  <testcase classname="omayo.testcases.MultiSelectDropDownVerification" name="multiSelectVerification" time="0.217"/>
  <testcase classname="omayo.testcases.VerifyTourLoginUsingSignInAndPassword" name="signUpVerification" time="8.995"/>
</testsuite> <!-- Test -->
