<?xml version="1.0" encoding="UTF-8"?>
<!-- Generated by org.testng.reporters.JUnitXMLReporter -->
<testsuite ignored="1" hostname="LAPTOP-EP069KG9" failures="1" tests="1" name="Test(failed)" time="7.524" errors="0" timestamp="2025-05-31T12:38:11 IST">
  <testcase classname="TestNGPractice.VerifyHomePage" name="verifyWbesiteUrl" time="0.03">
    <failure type="java.lang.AssertionError" message="expected [https://omayo.blogspot.om/] but found [https://omayo.blogspot.com/]">
      <![CDATA[java.lang.AssertionError: expected [https://omayo.blogspot.om/] but found [https://omayo.blogspot.com/]
at TestNGPractice.VerifyHomePage.verifyWbesiteUrl(VerifyHomePage.java:61)
at java.base/java.util.ArrayList.forEach(ArrayList.java:1511)
... Removed 33 stack frames]]>
    </failure>
  </testcase> <!-- verifyWbesiteUrl -->
  <testcase classname="TestNGPractice.VerifyHomePage" name="verifyHomepageTitle" time="0.0">
    <ignored/>
  </testcase> <!-- verifyHomepageTitle -->
</testsuite> <!-- Test(failed) -->
