<?xml version="1.0" encoding="UTF-8"?>
<testsuite xmlns:xsi="http://www.w3.org/2001/XMLSchema-instance" xsi:noNamespaceSchemaLocation="https://maven.apache.org/surefire/maven-surefire-plugin/xsd/surefire-test-report.xsd" version="3.0.2" name="TestSuite" time="29.626" tests="4" errors="0" skipped="0" failures="0">
  <properties>
[...]
</properties>
  <testcase name="verifyHomePage" classname="omayo.testcases.HomePageTestCase" time="0.147">
    <system-err><![CDATA[SLF4J(W): No SLF4J providers were found.
SLF4J(W): Defaulting to no-operation (NOP) logger implementation
SLF4J(W): See https://www.slf4j.org/codes.html#noProviders for further details.
]]></system-err>
  </testcase>
  <testcase name="SingleSelctDropDown" classname="omayo.testcases.SingleSelectDropDownVerification" time="0.966"/>
  <testcase name="multiSelectVerification" classname="omayo.testcases.MultiSelectDropDownVerification" time="0.217"/>
  <testcase name="signUpVerification" classname="omayo.testcases.VerifyTourLoginUsingSignInAndPassword" time="8.994"/>
</testsuite>